Start testing: Nov 30 10:56 STD
----------------------------------------------------------
1/2 Testing: tests
1/2 Test: tests
Command: "/usr/bin/python3" "/mnt/c/Workspaces/EOS/contracts/01_hello_world/tests/test1.py"
Directory: /mnt/c/Workspaces/EOS/contracts/01_hello_world/build
"tests" start time: Nov 30 10:56 STD
Output:
----------------------------------------------------------
[32m
###  SCENARIO:
Execute simple actions.
[0m
[34mLocal node is stopped [].[0m
.......
[34mLocal node is running. Block number is 6[0m
[34m* Wallet name is ``_127_0_0_1_8888_default``, wallet directory is
    /home/cartman/eosio-wallet/.[0m
[34m* Created wallet ``_127_0_0_1_8888_default``.[0m
[34m* Password is saved to the file ``_127_0_0_1_8888_passwords.json`` in the wallet directory.[0m
[34m* The wallet is empty.[0m
[34m######### Create a master account object ``master``.[0m
[32m
###  test:
Build and deploy the contract:
[0m
[34m######### Create an account object ``host``.[0m
[34m... for a new blockchain account ``qxxaydjw2pft``.[0m
[34m* Contract /mnt/c/Workspaces/EOS/contracts/01_hello_world/tests/../ is deployed.[0m
[32m
###  test:
Create test accounts:
[0m
[34m######### Create an account object ``alice``.[0m
[34m... for a new blockchain account ``r4rekmz54bsz``.[0m
[34m######### Create an account object ``carol``.[0m
[34m... for a new blockchain account ``sucqemko11o4``.[0m
[32m
###  test:
Test an action for Alice:
[0m
[34m* Push action ``hi``:[0m
[34m{"user": "alice"}[0m
[33mHello, alice[0m
[32m
###  test:
Test an action for Carol:
[0m
[34m* Push action ``hi``:[0m
[34m{"user": "carol"}[0m
[33mHello, carol[0m
[34mLocal node is stopped [465, 466].[0m
<end of output>
Test time =  14.92 sec
----------------------------------------------------------
Test Passed.
"tests" end time: Nov 30 10:57 STD
"tests" time elapsed: 00:00:14
----------------------------------------------------------

2/2 Testing: unittest
2/2 Test: unittest
Command: "/usr/bin/python3" "/mnt/c/Workspaces/EOS/contracts/01_hello_world/tests/unittest1.py"
Directory: /mnt/c/Workspaces/EOS/contracts/01_hello_world/build
"unittest" start time: Nov 30 10:57 STD
Output:
----------------------------------------------------------
[32m
###  SCENARIO:
Execute simple actions.
[0m
[34mLocal node is stopped [].[0m
........
----------------------------------------------------------------------
Ran 1 test in 15.307s

OK

[34mLocal node is running. Block number is 6[0m
[34m* Wallet name is ``_127_0_0_1_8888_default``, wallet directory is
    /home/cartman/eosio-wallet/.[0m
[34m* Created wallet ``_127_0_0_1_8888_default``.[0m
[34m* Password is saved to the file ``_127_0_0_1_8888_passwords.json`` in the wallet directory.[0m
[34m* The wallet is empty.[0m
[34m######### Create a master account object ``master``.[0m
[32m
###  setUpClass:
Build and deploy the contract:
[0m
[34m######### Create an account object ``host``.[0m
[34m... for a new blockchain account ``mmhxa3gbselq``.[0m
[34m* Contract /mnt/c/Workspaces/EOS/contracts/01_hello_world/tests/../ is deployed.[0m
[32m
###  setUpClass:
Create test accounts:
[0m
[34m######### Create an account object ``alice``.[0m
[34m... for a new blockchain account ``3evlpupowsql``.[0m
[34m######### Create an account object ``carol``.[0m
[34m... for a new blockchain account ``qp12h5f3kxsx``.[0m
[34m######### Create an account object ``bob``.[0m
[34m... for a new blockchain account ``mnukwndqcsj5``.[0m
[32m
###  test_01:
Test an action for Alice:
[0m
[34m* Push action ``hi``:[0m
[34m{"user": "alice"}[0m
[32m
###  test_01:
Test an action for Carol:
[0m
[34m* Push action ``hi``:[0m
[34m{"user": "carol"}[0m
[32m
###  test_01:
WARNING: This action should fail due to authority mismatch!
[0m
[34mLocal node is stopped [541, 542].[0m
<end of output>
Test time =  15.53 sec
----------------------------------------------------------
Test Passed.
"unittest" end time: Nov 30 10:57 STD
"unittest" time elapsed: 00:00:15
----------------------------------------------------------

End testing: Nov 30 10:57 STD
