Start testing: Jul 05 13:30 DST
----------------------------------------------------------
1/2 Testing: test
1/2 Test: test
Command: "/usr/bin/python3" "/mnt/c/Workspaces/EOS/eosfactory/contracts/xs_and_os/test/test1.py"
Directory: /mnt/c/Workspaces/EOS/eosfactory/contracts/xs_and_os/build
"test" start time: Jul 05 13:30 DST
Output:
----------------------------------------------------------
[35m
Use `setup.use_keosd(False)` instruction, then the wallets are not
managed by the EOSIO keosd and, hence, can be safely manipulated.

If `setup.set_verbose(True)`, print the response messages of the
issued commands.
[0m
##### verbose mode is set!
[35meosf.reset():[0m
#       nodeos exe file: /mnt/c/Workspaces/EOS/eos/build/programs/nodeos/nodeos
#    genesis state file: /mnt/c/Workspaces/EOS/eosfactory/build/daemon/data-dir/genesis.json
#        server address: 127.0.0.1:8888
#      config directory: /mnt/c/Workspaces/EOS/eosfactory/build/daemon/data-dir/
#      wallet directory: /mnt/c/Workspaces/EOS/eosfactory/build/daemon/data-dir/wallet/

nodeos endpoint: 127.0.0.1:8888
OK
[35meosf.Wallet():[0m
Creating wallet: default
Save password to use in the future to unlock this wallet.
Without password imported keys will not be retrievable.
"PW5JdN7uo79gBHbgLRzmv1rfUCLJvErvoxjqab2x3pKWvR9CiY76S"


[32mpassword stored in '/mnt/c/Workspaces/EOS/eosfactory/build/daemon/data-dir/wallet/passwords.json'[0m
[35meosf.AccountManager():[0m
'account_master' (eosio) >>> '/mnt/c/Workspaces/EOS/eosfactory/build/daemon/data-dir/wallet/accounts.json'
[35m
Contract(account_master, "eosio.bios").deploy():[0m
Reading WAST/WASM from /mnt/c/Workspaces/EOS/eos/build/contracts/eosio.bios/eosio.bios.wast...
Assembling WASM...
Publishing contract...
#         eosio <= eosio::setcode               {"account":"eosio","vmtype":0,"vmversion":0,"code":"0061736d0100000001621260037f7e7f0060057f7e7e7e7e...
#         eosio <= eosio::setabi                {"account":"eosio","abi":"0e656f73696f3a3a6162692f312e30050c6163636f756e745f6e616d65046e616d650f7065...

executed transaction: caa3e098007ffc27449924094fa372f642d2af1b0f6ff5555cdc0f60b3d3a500  3720 bytes  3880 us
1846029ms thread-0   main.cpp:382                  print_result         ] warning: transaction executed locally, but may not be confirmed by the network yet

[35m
Contract(eosf.account(name=account_test_name):[0m
yeyuoae5rtcg
'account_test' (yeyuoae5rtcg) >>> '/mnt/c/Workspaces/EOS/eosfactory/build/daemon/data-dir/wallet/accounts.json'
[35mThe contract account is put into the wallet: [, ][0m
[35mContract(account_test, contract_dir)[0m
[35mcontract_test.deploy()[0m
Reading WAST/WASM from /mnt/c/Workspaces/EOS/eosfactory/contracts/xs_and_os/test/../build/xs_and_os.wast...
Assembling WASM...
Publishing contract...
#         eosio <= eosio::setcode               {"account":"yeyuoae5rtcg","vmtype":0,"vmversion":0,"code":"0061736d01000000016a126000006000017e60027...
#         eosio <= eosio::setabi                {"account":"yeyuoae5rtcg","abi":"0e656f73696f3a3a6162692f312e30010c6163636f756e745f6e616d65046e616d6...

executed transaction: e23d42354a7107d3229427bde1a8f534acf5655d856f6792b16d14994c085269  4792 bytes  5598 us
1846560ms thread-0   main.cpp:382                  print_result         ] warning: transaction executed locally, but may not be confirmed by the network yet

[35maccount_test.code()[0m
code hash: 4af73a22bed7f0f62469593b2cc404f57465bd02f752bc59fc23813ff72bd8ba


code hash: 4af73a22bed7f0f62469593b2cc404f57465bd02f752bc59fc23813ff72bd8ba
[35m
Create accounts `alice`and `bob`, 
use `alice = eosf.account()` and `wallet.import_key(alice)`:
    [0m
qo2flxizpal4
'alice' (qo2flxizpal4) >>> '/mnt/c/Workspaces/EOS/eosfactory/build/daemon/data-dir/wallet/accounts.json'
eb1htodyoiro
'bob' (eb1htodyoiro) >>> '/mnt/c/Workspaces/EOS/eosfactory/build/daemon/data-dir/wallet/accounts.json'
[35m
Inspect the account, use `bob.account()`:
    [0m
name: eb1htodyoiro
permissions: 
     owner     1:    1 EOS5TJbsoK7rdZJA44QUuCXakuB5kQJLp7tGh9Xyfdvm4wZEgYsuC
        active     1:    1 EOS6WudBLt87tK8LdqYem6XL4kQR84FLWCeT2rmn7Wu7JfxeYJ2Xc
memory: 
     quota:       unlimited  used:      2.66 KiB  

net bandwidth: 
     used:               unlimited
     available:          unlimited
     limit:              unlimited

cpu bandwidth:
     used:               unlimited
     available:          unlimited
     limit:              unlimited




[35m
contract_test.push_action("create", ...):
    [0m


{
  "rows": [{
      "challenger": "qo2flxizpal4",
      "host": "eb1htodyoiro",
      "turn": "eb1htodyoiro",
      "winner": "none",
      "board": [
        0,
        0,
        0,
        0,
        0,
        0,
        0,
        0,
        0
      ]
    }
  ],
  "more": false
}


{'more': False, 'rows': [{'challenger': 'qo2flxizpal4', 'winner': 'none', 'turn': 'eb1htodyoiro', 'board': [0, 0, 0, 0, 0, 0, 0, 0, 0], 'host': 'eb1htodyoiro'}]}
[35m
contract_test.push_action("move", ..., bob):
    [0m


[35m
contract_test.push_action("move", ..., alice):
    [0m


{
  "rows": [{
      "challenger": "qo2flxizpal4",
      "host": "eb1htodyoiro",
      "turn": "eb1htodyoiro",
      "winner": "none",
      "board": [
        1,
        0,
        0,
        0,
        2,
        0,
        0,
        0,
        0
      ]
    }
  ],
  "more": false
}




{
  "rows": [{
      "challenger": "qo2flxizpal4",
      "host": "eb1htodyoiro",
      "turn": "eb1htodyoiro",
      "winner": "none",
      "board": [
        0,
        0,
        0,
        0,
        0,
        0,
        0,
        0,
        0
      ]
    }
  ],
  "more": false
}




#  Daemon is stopped.

<end of output>
Test time =  11.51 sec
----------------------------------------------------------
Test Passed.
"test" end time: Jul 05 13:30 DST
"test" time elapsed: 00:00:11
----------------------------------------------------------

End testing: Jul 05 13:30 DST
