Start testing: Nov 30 11:02 STD
----------------------------------------------------------
1/2 Testing: tests
1/2 Test: tests
Command: "/usr/bin/python3" "/mnt/c/Workspaces/EOS/contracts/02_eosio_token/tests/test1.py"
Directory: /mnt/c/Workspaces/EOS/contracts/02_eosio_token/build
"tests" start time: Nov 30 11:02 STD
Output:
----------------------------------------------------------
[32m
###  SCENARIO:
Initialize the token and run a couple of transfers between different accounts.
[0m
[34mLocal node is stopped [1297, 1298].[0m
.......
[34mLocal node is running. Block number is 6[0m
[34m* Wallet name is ``_127_0_0_1_8888_default``, wallet directory is
    /home/cartman/eosio-wallet/.[0m
[34m* Created wallet ``_127_0_0_1_8888_default``.[0m
[34m* Password is saved to the file ``_127_0_0_1_8888_passwords.json`` in the wallet directory.[0m
[34m* The wallet is empty.[0m
[34m######### Create a master account object ``master``.[0m
[32m
###  test:
Build & deploy the contract:
[0m
[34m######### Create an account object ``host``.[0m
[34m... for a new blockchain account ``piyp1e3jnosv``.[0m
[34m* Contract /mnt/c/Workspaces/EOS/contracts/02_eosio_token/tests/../ is deployed.[0m
[32m
###  test:
Create test accounts:
[0m
[34m######### Create an account object ``alice``.[0m
[34m... for a new blockchain account ``lhubbdcy33u3``.[0m
[34m######### Create an account object ``bob``.[0m
[34m... for a new blockchain account ``czzo414g2c4z``.[0m
[34m######### Create an account object ``carol``.[0m
[34m... for a new blockchain account ``24j45rxzjup3``.[0m
[32m
###  test:
Initialize the token and send some tokens to one of the accounts:
[0m
[34m* Push action ``create``:[0m
[34m{"maximum_supply": "1000000000.0000 EOS", "issuer": "eosio", "can_freeze": "0", "can_recall": "0", "can_whitelist": "0"}[0m
[34m* Push action ``issue``:[0m
[34m{"quantity": "100.0000 EOS", "to": "alice", "memo": ""}[0m
[32m
###  test:
Execute a series of transfers between the accounts:
[0m
[34m* Push action ``transfer``:[0m
[34m{"from": "alice", "quantity": "25.0000 EOS", "to": "carol", "memo": ""}[0m
[34m* Push action ``transfer``:[0m
[34m{"from": "carol", "quantity": "11.0000 EOS", "to": "bob", "memo": ""}[0m
[34m* Push action ``transfer``:[0m
[34m{"from": "carol", "quantity": "2.0000 EOS", "to": "bob", "memo": ""}[0m
[34m* Push action ``transfer``:[0m
[34m{"from": "bob", "quantity": "2.0000 EOS", "to": "alice", "memo": ""}[0m
[32m
###  test:
Verify the outcome:
[0m
[34m* Table ``accounts`` for ``alice``[0m
{
  "rows": [{
      "balance": "77.0000 EOS"
    }
  ],
  "more": false
}[0m
[34m* Table ``accounts`` for ``bob``[0m
{
  "rows": [{
      "balance": "11.0000 EOS"
    }
  ],
  "more": false
}[0m
[34m* Table ``accounts`` for ``carol``[0m
{
  "rows": [{
      "balance": "12.0000 EOS"
    }
  ],
  "more": false
}[0m
[34mLocal node is stopped [1325, 1326].[0m
<end of output>
Test time =  16.84 sec
----------------------------------------------------------
Test Passed.
"tests" end time: Nov 30 11:02 STD
"tests" time elapsed: 00:00:16
----------------------------------------------------------

End testing: Nov 30 11:02 STD
